<?xml version="1.0" encoding="UTF-8"?>
<!-- Generated by org.testng.reporters.JUnitReportReporter -->
<testsuite hostname="LAPTOP-7TV90H4B" failures="0" tests="1" name="murari1.Demo" time="0.005" errors="0" timestamp="2022-09-08T11:33:57 IST" skipped="0">
  <testcase classname="murari1.Demo" name="demo" time="0.005"/>
  <system-out/>
</testsuite> <!-- murari1.Demo -->
